# JRE version: OpenJDK Runtime Environment (8.0_242-b01) (build 1.8.0_242-release-1644-b01)
# Java VM: OpenJDK 64-Bit Server VM (25.242-b01 mixed mode windows-amd64 compressed oops)
Heap:
 PSYoungGen      total 471552K, used 444395K [0x00000000e0000000, 0x0000000100000000, 0x0000000100000000)
  eden space 418816K, 100% used [0x00000000e0000000,0x00000000f9900000,0x00000000f9900000)
  from space 52736K, 48% used [0x00000000f9900000,0x00000000fb1fade0,0x00000000fcc80000)
  to   space 50688K, 0% used [0x00000000fce80000,0x00000000fce80000,0x0000000100000000)
 ParOldGen       total 387072K, used 145949K [0x00000000a0000000, 0x00000000b7a00000, 0x00000000e0000000)
  object space 387072K, 37% used [0x00000000a0000000,0x00000000a8e87418,0x00000000b7a00000)
 Metaspace       used 84860K, capacity 91487K, committed 92032K, reserved 1128448K
  class space    used 11179K, capacity 12315K, committed 12416K, reserved 1048576K
GC Heap History (10 events):
Event: 21732.215 GC heap before
{Heap before GC invocations=53 (full 7):
 PSYoungGen      total 387584K, used 380469K [0x00000000e0000000, 0x00000000fe480000, 0x0000000100000000)
  eden space 345088K, 99% used [0x00000000e0000000,0x00000000f5053af0,0x00000000f5100000)
  from space 42496K, 84% used [0x00000000f5100000,0x00000000f7439a00,0x00000000f7a80000)
  to   space 47104K, 0% used [0x00000000fb680000,0x00000000fb680000,0x00000000fe480000)
 ParOldGen       total 339968K, used 190402K [0x00000000a0000000, 0x00000000b4c00000, 0x00000000e0000000)
  object space 339968K, 56% used [0x00000000a0000000,0x00000000ab9f0898,0x00000000b4c00000)
 Metaspace       used 84415K, capacity 91151K, committed 91264K, reserved 1128448K
  class space    used 11200K, capacity 12360K, committed 12416K, reserved 1048576K
Event: 21733.333 GC heap after
Heap after GC invocations=53 (full 7):
 PSYoungGen      total 448512K, used 26500K [0x00000000e0000000, 0x00000000fe600000, 0x0000000100000000)
  eden space 401408K, 0% used [0x00000000e0000000,0x00000000e0000000,0x00000000f8800000)
  from space 47104K, 56% used [0x00000000fb680000,0x00000000fd0610a8,0x00000000fe480000)
  to   space 47616K, 0% used [0x00000000f8800000,0x00000000f8800000,0x00000000fb680000)
 ParOldGen       total 339968K, used 226044K [0x00000000a0000000, 0x00000000b4c00000, 0x00000000e0000000)
  object space 339968K, 66% used [0x00000000a0000000,0x00000000adcbf2b0,0x00000000b4c00000)
 Metaspace       used 84415K, capacity 91151K, committed 91264K, reserved 1128448K
  class space    used 11200K, capacity 12360K, committed 12416K, reserved 1048576K
}
Event: 29809.969 GC heap before
{Heap before GC invocations=54 (full 7):
 PSYoungGen      total 448512K, used 418422K [0x00000000e0000000, 0x00000000fe600000, 0x0000000100000000)
  eden space 401408K, 97% used [0x00000000e0000000,0x00000000f7ebc8f8,0x00000000f8800000)
  from space 47104K, 56% used [0x00000000fb680000,0x00000000fd0610a8,0x00000000fe480000)
  to   space 47616K, 0% used [0x00000000f8800000,0x00000000f8800000,0x00000000fb680000)
 ParOldGen       total 339968K, used 226044K [0x00000000a0000000, 0x00000000b4c00000, 0x00000000e0000000)
  object space 339968K, 66% used [0x00000000a0000000,0x00000000adcbf2b0,0x00000000b4c00000)
 Metaspace       used 84500K, capacity 91221K, committed 91520K, reserved 1128448K
  class space    used 11202K, capacity 12361K, committed 12416K, reserved 1048576K
Event: 29812.673 GC heap after
Heap after GC invocations=54 (full 7):
 PSYoungGen      total 449024K, used 22699K [0x00000000e0000000, 0x00000000ffd80000, 0x0000000100000000)
  eden space 401408K, 0% used [0x00000000e0000000,0x00000000e0000000,0x00000000f8800000)
  from space 47616K, 47% used [0x00000000f8800000,0x00000000f9e2af08,0x00000000fb680000)
  to   space 46080K, 0% used [0x00000000fd080000,0x00000000fd080000,0x00000000ffd80000)
 ParOldGen       total 339968K, used 267470K [0x00000000a0000000, 0x00000000b4c00000, 0x00000000e0000000)
  object space 339968K, 78% used [0x00000000a0000000,0x00000000b0533860,0x00000000b4c00000)
 Metaspace       used 84500K, capacity 91221K, committed 91520K, reserved 1128448K
  class space    used 11202K, capacity 12361K, committed 12416K, reserved 1048576K
}
Event: 31455.541 GC heap before
{Heap before GC invocations=55 (full 7):
 PSYoungGen      total 449024K, used 424107K [0x00000000e0000000, 0x00000000ffd80000, 0x0000000100000000)
  eden space 401408K, 100% used [0x00000000e0000000,0x00000000f8800000,0x00000000f8800000)
  from space 47616K, 47% used [0x00000000f8800000,0x00000000f9e2af08,0x00000000fb680000)
  to   space 46080K, 0% used [0x00000000fd080000,0x00000000fd080000,0x00000000ffd80000)
 ParOldGen       total 339968K, used 267470K [0x00000000a0000000, 0x00000000b4c00000, 0x00000000e0000000)
  object space 339968K, 78% used [0x00000000a0000000,0x00000000b0533898,0x00000000b4c00000)
 Metaspace       used 84613K, capacity 91301K, committed 91520K, reserved 1128448K
  class space    used 11203K, capacity 12361K, committed 12416K, reserved 1048576K
Event: 31456.118 GC heap after
Heap after GC invocations=55 (full 7):
 PSYoungGen      total 464896K, used 44096K [0x00000000e0000000, 0x0000000100000000, 0x0000000100000000)
  eden space 418816K, 0% used [0x00000000e0000000,0x00000000e0000000,0x00000000f9900000)
  from space 46080K, 95% used [0x00000000fd080000,0x00000000ffb903e8,0x00000000ffd80000)
  to   space 52736K, 0% used [0x00000000f9900000,0x00000000f9900000,0x00000000fcc80000)
 ParOldGen       total 339968K, used 321482K [0x00000000a0000000, 0x00000000b4c00000, 0x00000000e0000000)
  object space 339968K, 94% used [0x00000000a0000000,0x00000000b39f2818,0x00000000b4c00000)
 Metaspace       used 84613K, capacity 91301K, committed 91520K, reserved 1128448K
  class space    used 11203K, capacity 12361K, committed 12416K, reserved 1048576K
}
Event: 31456.118 GC heap before
{Heap before GC invocations=56 (full 8):
 PSYoungGen      total 464896K, used 44096K [0x00000000e0000000, 0x0000000100000000, 0x0000000100000000)
  eden space 418816K, 0% used [0x00000000e0000000,0x00000000e0000000,0x00000000f9900000)
  from space 46080K, 95% used [0x00000000fd080000,0x00000000ffb903e8,0x00000000ffd80000)
  to   space 52736K, 0% used [0x00000000f9900000,0x00000000f9900000,0x00000000fcc80000)
 ParOldGen       total 339968K, used 321482K [0x00000000a0000000, 0x00000000b4c00000, 0x00000000e0000000)
  object space 339968K, 94% used [0x00000000a0000000,0x00000000b39f2818,0x00000000b4c00000)
 Metaspace       used 84613K, capacity 91301K, committed 91520K, reserved 1128448K
  class space    used 11203K, capacity 12361K, committed 12416K, reserved 1048576K
Event: 31469.444 GC heap after
Heap after GC invocations=56 (full 8):
 PSYoungGen      total 464896K, used 0K [0x00000000e0000000, 0x0000000100000000, 0x0000000100000000)
  eden space 418816K, 0% used [0x00000000e0000000,0x00000000e0000000,0x00000000f9900000)
  from space 46080K, 0% used [0x00000000fd080000,0x00000000fd080000,0x00000000ffd80000)
  to   space 52736K, 0% used [0x00000000f9900000,0x00000000f9900000,0x00000000fcc80000)
 ParOldGen       total 387072K, used 145938K [0x00000000a0000000, 0x00000000b7a00000, 0x00000000e0000000)
  object space 387072K, 37% used [0x00000000a0000000,0x00000000a8e84828,0x00000000b7a00000)
 Metaspace       used 84051K, capacity 90177K, committed 91520K, reserved 1128448K
  class space    used 11048K, capacity 12067K, committed 12416K, reserved 1048576K
}
Event: 38410.461 GC heap before
{Heap before GC invocations=57 (full 8):
 PSYoungGen      total 464896K, used 418816K [0x00000000e0000000, 0x0000000100000000, 0x0000000100000000)
  eden space 418816K, 100% used [0x00000000e0000000,0x00000000f9900000,0x00000000f9900000)
  from space 46080K, 0% used [0x00000000fd080000,0x00000000fd080000,0x00000000ffd80000)
  to   space 52736K, 0% used [0x00000000f9900000,0x00000000f9900000,0x00000000fcc80000)
 ParOldGen       total 387072K, used 145941K [0x00000000a0000000, 0x00000000b7a00000, 0x00000000e0000000)
  object space 387072K, 37% used [0x00000000a0000000,0x00000000a8e85418,0x00000000b7a00000)
 Metaspace       used 84560K, capacity 91005K, committed 91520K, reserved 1128448K
  class space    used 11163K, capacity 12288K, committed 12416K, reserved 1048576K
Event: 38410.708 GC heap after
Heap after GC invocations=57 (full 8):
 PSYoungGen      total 471552K, used 25579K [0x00000000e0000000, 0x0000000100000000, 0x0000000100000000)
  eden space 418816K, 0% used [0x00000000e0000000,0x00000000e0000000,0x00000000f9900000)
  from space 52736K, 48% used [0x00000000f9900000,0x00000000fb1fade0,0x00000000fcc80000)
  to   space 50688K, 0% used [0x00000000fce80000,0x00000000fce80000,0x0000000100000000)
 ParOldGen       total 387072K, used 145949K [0x00000000a0000000, 0x00000000b7a00000, 0x00000000e0000000)
  object space 387072K, 37% used [0x00000000a0000000,0x00000000a8e87418,0x00000000b7a00000)
 Metaspace       used 84560K, capacity 91005K, committed 91520K, reserved 1128448K
  class space    used 11163K, capacity 12288K, committed 12416K, reserved 1048576K
}

