# JRE version: OpenJDK Runtime Environment (8.0_242-b01) (build 1.8.0_242-release-1644-b01)
# Java VM: OpenJDK 64-Bit Server VM (25.242-b01 mixed mode windows-amd64 compressed oops)
Heap:
 PSYoungGen      total 218624K, used 23547K [0x00000000e0000000, 0x00000000eef80000, 0x0000000100000000)
  eden space 195072K, 5% used [0x00000000e0000000,0x00000000e0afe8b0,0x00000000ebe80000)
  from space 23552K, 52% used [0x00000000ed880000,0x00000000ee480640,0x00000000eef80000)
  to   space 25088K, 0% used [0x00000000ebe80000,0x00000000ebe80000,0x00000000ed700000)
 ParOldGen       total 196096K, used 77606K [0x00000000a0000000, 0x00000000abf80000, 0x00000000e0000000)
  object space 196096K, 39% used [0x00000000a0000000,0x00000000a4bc98c8,0x00000000abf80000)
 Metaspace       used 80526K, capacity 85008K, committed 85248K, reserved 1122304K
  class space    used 10855K, capacity 11744K, committed 11776K, reserved 1048576K
GC Heap History (10 events):
Event: 115.234 GC heap before
{Heap before GC invocations=26 (full 3):
 PSYoungGen      total 157184K, used 156568K [0x00000000e0000000, 0x00000000eb580000, 0x0000000100000000)
  eden space 135168K, 100% used [0x00000000e0000000,0x00000000e8400000,0x00000000e8400000)
  from space 22016K, 97% used [0x00000000e9c80000,0x00000000eb1663b0,0x00000000eb200000)
  to   space 25088K, 0% used [0x00000000e8400000,0x00000000e8400000,0x00000000e9c80000)
 ParOldGen       total 113664K, used 31899K [0x00000000a0000000, 0x00000000a6f00000, 0x00000000e0000000)
  object space 113664K, 28% used [0x00000000a0000000,0x00000000a1f26cd8,0x00000000a6f00000)
 Metaspace       used 73862K, capacity 78040K, committed 78208K, reserved 1116160K
  class space    used 10226K, capacity 11075K, committed 11136K, reserved 1048576K
Event: 115.282 GC heap after
Heap after GC invocations=26 (full 3):
 PSYoungGen      total 160256K, used 18848K [0x00000000e0000000, 0x00000000ed880000, 0x0000000100000000)
  eden space 135168K, 0% used [0x00000000e0000000,0x00000000e0000000,0x00000000e8400000)
  from space 25088K, 75% used [0x00000000e8400000,0x00000000e96683d0,0x00000000e9c80000)
  to   space 26624K, 0% used [0x00000000ebe80000,0x00000000ebe80000,0x00000000ed880000)
 ParOldGen       total 113664K, used 43501K [0x00000000a0000000, 0x00000000a6f00000, 0x00000000e0000000)
  object space 113664K, 38% used [0x00000000a0000000,0x00000000a2a7b600,0x00000000a6f00000)
 Metaspace       used 73862K, capacity 78040K, committed 78208K, reserved 1116160K
  class space    used 10226K, capacity 11075K, committed 11136K, reserved 1048576K
}
Event: 118.163 GC heap before
{Heap before GC invocations=27 (full 3):
 PSYoungGen      total 160256K, used 154016K [0x00000000e0000000, 0x00000000ed880000, 0x0000000100000000)
  eden space 135168K, 100% used [0x00000000e0000000,0x00000000e8400000,0x00000000e8400000)
  from space 25088K, 75% used [0x00000000e8400000,0x00000000e96683d0,0x00000000e9c80000)
  to   space 26624K, 0% used [0x00000000ebe80000,0x00000000ebe80000,0x00000000ed880000)
 ParOldGen       total 113664K, used 43501K [0x00000000a0000000, 0x00000000a6f00000, 0x00000000e0000000)
  object space 113664K, 38% used [0x00000000a0000000,0x00000000a2a7b600,0x00000000a6f00000)
 Metaspace       used 75583K, capacity 79882K, committed 80000K, reserved 1118208K
  class space    used 10433K, capacity 11340K, committed 11392K, reserved 1048576K
Event: 118.215 GC heap after
Heap after GC invocations=27 (full 3):
 PSYoungGen      total 193024K, used 6061K [0x00000000e0000000, 0x00000000ed700000, 0x0000000100000000)
  eden space 167936K, 0% used [0x00000000e0000000,0x00000000e0000000,0x00000000ea400000)
  from space 25088K, 24% used [0x00000000ebe80000,0x00000000ec46b708,0x00000000ed700000)
  to   space 26112K, 0% used [0x00000000ea400000,0x00000000ea400000,0x00000000ebd80000)
 ParOldGen       total 113664K, used 90348K [0x00000000a0000000, 0x00000000a6f00000, 0x00000000e0000000)
  object space 113664K, 79% used [0x00000000a0000000,0x00000000a583b108,0x00000000a6f00000)
 Metaspace       used 75583K, capacity 79882K, committed 80000K, reserved 1118208K
  class space    used 10433K, capacity 11340K, committed 11392K, reserved 1048576K
}
Event: 122.440 GC heap before
{Heap before GC invocations=28 (full 3):
 PSYoungGen      total 193024K, used 173473K [0x00000000e0000000, 0x00000000ed700000, 0x0000000100000000)
  eden space 167936K, 99% used [0x00000000e0000000,0x00000000ea37cda8,0x00000000ea400000)
  from space 25088K, 24% used [0x00000000ebe80000,0x00000000ec46b708,0x00000000ed700000)
  to   space 26112K, 0% used [0x00000000ea400000,0x00000000ea400000,0x00000000ebd80000)
 ParOldGen       total 113664K, used 90348K [0x00000000a0000000, 0x00000000a6f00000, 0x00000000e0000000)
  object space 113664K, 79% used [0x00000000a0000000,0x00000000a583b108,0x00000000a6f00000)
 Metaspace       used 76503K, capacity 80846K, committed 81152K, reserved 1118208K
  class space    used 10569K, capacity 11468K, committed 11520K, reserved 1048576K
Event: 122.452 GC heap after
Heap after GC invocations=28 (full 3):
 PSYoungGen      total 194048K, used 15873K [0x00000000e0000000, 0x00000000ef200000, 0x0000000100000000)
  eden space 167936K, 0% used [0x00000000e0000000,0x00000000e0000000,0x00000000ea400000)
  from space 26112K, 60% used [0x00000000ea400000,0x00000000eb380600,0x00000000ebd80000)
  to   space 26112K, 0% used [0x00000000ed880000,0x00000000ed880000,0x00000000ef200000)
 ParOldGen       total 113664K, used 95460K [0x00000000a0000000, 0x00000000a6f00000, 0x00000000e0000000)
  object space 113664K, 83% used [0x00000000a0000000,0x00000000a5d393c0,0x00000000a6f00000)
 Metaspace       used 76503K, capacity 80846K, committed 81152K, reserved 1118208K
  class space    used 10569K, capacity 11468K, committed 11520K, reserved 1048576K
}
Event: 122.452 GC heap before
{Heap before GC invocations=29 (full 4):
 PSYoungGen      total 194048K, used 15873K [0x00000000e0000000, 0x00000000ef200000, 0x0000000100000000)
  eden space 167936K, 0% used [0x00000000e0000000,0x00000000e0000000,0x00000000ea400000)
  from space 26112K, 60% used [0x00000000ea400000,0x00000000eb380600,0x00000000ebd80000)
  to   space 26112K, 0% used [0x00000000ed880000,0x00000000ed880000,0x00000000ef200000)
 ParOldGen       total 113664K, used 95460K [0x00000000a0000000, 0x00000000a6f00000, 0x00000000e0000000)
  object space 113664K, 83% used [0x00000000a0000000,0x00000000a5d393c0,0x00000000a6f00000)
 Metaspace       used 76503K, capacity 80846K, committed 81152K, reserved 1118208K
  class space    used 10569K, capacity 11468K, committed 11520K, reserved 1048576K
Event: 122.615 GC heap after
Heap after GC invocations=29 (full 4):
 PSYoungGen      total 194048K, used 0K [0x00000000e0000000, 0x00000000ef200000, 0x0000000100000000)
  eden space 167936K, 0% used [0x00000000e0000000,0x00000000e0000000,0x00000000ea400000)
  from space 26112K, 0% used [0x00000000ea400000,0x00000000ea400000,0x00000000ebd80000)
  to   space 26112K, 0% used [0x00000000ed880000,0x00000000ed880000,0x00000000ef200000)
 ParOldGen       total 196096K, used 77598K [0x00000000a0000000, 0x00000000abf80000, 0x00000000e0000000)
  object space 196096K, 39% used [0x00000000a0000000,0x00000000a4bc78c8,0x00000000abf80000)
 Metaspace       used 76413K, capacity 80582K, committed 81152K, reserved 1118208K
  class space    used 10541K, capacity 11418K, committed 11520K, reserved 1048576K
}
Event: 725.785 GC heap before
{Heap before GC invocations=30 (full 4):
 PSYoungGen      total 194048K, used 167936K [0x00000000e0000000, 0x00000000ef200000, 0x0000000100000000)
  eden space 167936K, 100% used [0x00000000e0000000,0x00000000ea400000,0x00000000ea400000)
  from space 26112K, 0% used [0x00000000ea400000,0x00000000ea400000,0x00000000ebd80000)
  to   space 26112K, 0% used [0x00000000ed880000,0x00000000ed880000,0x00000000ef200000)
 ParOldGen       total 196096K, used 77598K [0x00000000a0000000, 0x00000000abf80000, 0x00000000e0000000)
  object space 196096K, 39% used [0x00000000a0000000,0x00000000a4bc78c8,0x00000000abf80000)
 Metaspace       used 80475K, capacity 84874K, committed 84992K, reserved 1122304K
  class space    used 10854K, capacity 11743K, committed 11776K, reserved 1048576K
Event: 725.806 GC heap after
Heap after GC invocations=30 (full 4):
 PSYoungGen      total 218624K, used 12289K [0x00000000e0000000, 0x00000000eef80000, 0x0000000100000000)
  eden space 195072K, 0% used [0x00000000e0000000,0x00000000e0000000,0x00000000ebe80000)
  from space 23552K, 52% used [0x00000000ed880000,0x00000000ee480640,0x00000000eef80000)
  to   space 25088K, 0% used [0x00000000ebe80000,0x00000000ebe80000,0x00000000ed700000)
 ParOldGen       total 196096K, used 77606K [0x00000000a0000000, 0x00000000abf80000, 0x00000000e0000000)
  object space 196096K, 39% used [0x00000000a0000000,0x00000000a4bc98c8,0x00000000abf80000)
 Metaspace       used 80475K, capacity 84874K, committed 84992K, reserved 1122304K
  class space    used 10854K, capacity 11743K, committed 11776K, reserved 1048576K
}

